{
  "RSpec": {
    "coverage": {
      "/home/billyott/tic-tac-toe-rb-ruby-apply-000/lib/tic_tac_toe.rb": [
        1,
        20,
        20,
        20,
        20,
        20,
        null,
        null,
        null,
        1,
        19,
        null,
        null,
        null,
        1,
        3,
        null,
        null,
        null,
        1,
        23,
        20,
        3,
        0,
        3,
        0,
        3,
        2,
        1,
        1,
        null,
        null,
        null,
        null,
        1,
        19,
        1,
        18,
        16,
        null,
        2,
        null,
        null,
        null,
        null,
        1,
        15,
        15,
        15,
        15,
        1,
        1,
        1,
        null,
        15,
        15,
        null,
        null,
        null,
        1,
        2,
        2,
        18,
        5,
        13,
        null,
        null,
        2,
        null,
        null,
        null,
        1,
        1,
        1,
        1,
        0,
        null,
        1,
        null,
        null,
        null,
        null,
        1,
        null,
        null,
        null,
        null,
        null,
        null,
        null,
        null,
        null,
        null,
        1,
        52,
        52,
        313,
        313,
        939,
        null,
        313,
        20,
        20,
        null,
        null,
        52,
        null,
        null,
        null,
        1,
        23,
        23,
        93,
        16,
        16,
        null,
        null,
        23,
        null,
        null,
        null,
        1,
        18,
        18,
        3,
        15,
        8,
        null,
        7,
        null,
        11,
        null,
        null,
        null,
        1,
        17,
        17,
        6,
        11,
        4,
        7,
        0,
        null,
        7,
        null,
        17,
        null,
        null,
        null,
        1,
        8,
        8,
        8,
        7,
        7,
        21,
        null,
        7,
        5,
        null,
        2,
        null,
        null,
        8,
        null,
        null,
        null,
        1,
        12,
        13,
        null,
        12,
        6,
        6,
        3,
        null,
        null,
        null
      ]
    },
    "timestamp": 1595051006
  }
}
