{
  "RSpec": {
    "coverage": {
      "/home/billyott/tic-tac-toe-rb-ruby-apply-000/lib/tic_tac_toe.rb": [
        1,
        20,
        20,
        20,
        20,
        20,
        null,
        null,
        null,
        1,
        19,
        null,
        null,
        null,
        1,
        3,
        null,
        null,
        null,
        1,
        23,
        20,
        3,
        0,
        3,
        0,
        3,
        2,
        1,
        1,
        null,
        null,
        null,
        null,
        1,
        19,
        1,
        18,
        16,
        null,
        2,
        null,
        null,
        null,
        null,
        1,
        15,
        15,
        15,
        15,
        1,
        1,
        1,
        null,
        15,
        15,
        null,
        null,
        null,
        1,
        2,
        2,
        18,
        5,
        13,
        null,
        null,
        2,
        null,
        null,
        null,
        1,
        1,
        1,
        1,
        0,
        null,
        1,
        null,
        null,
        null,
        null,
        1,
        null,
        null,
        null,
        null,
        null,
        null,
        null,
        null,
        null,
        null,
        1,
        235,
        235,
        1238,
        1238,
        3714,
        null,
        1238,
        103,
        103,
        null,
        null,
        235,
        null,
        null,
        null,
        1,
        68,
        68,
        384,
        33,
        33,
        null,
        null,
        68,
        null,
        null,
        null,
        1,
        63,
        63,
        3,
        60,
        25,
        null,
        35,
        null,
        28,
        null,
        null,
        null,
        1,
        67,
        67,
        37,
        30,
        23,
        7,
        0,
        null,
        7,
        null,
        67,
        null,
        null,
        null,
        1,
        37,
        37,
        37,
        36,
        36,
        108,
        null,
        36,
        27,
        null,
        9,
        null,
        null,
        37,
        null,
        null,
        null,
        1,
        12,
        12,
        96,
        83,
        41,
        42,
        22,
        null,
        null,
        13,
        null,
        96,
        null,
        null
      ]
    },
    "timestamp": 1595050323
  }
}
